Logfile initialized
[INFO] logfile = /Users/sofie/Documents/Titanium Studio Workspace/Depot/build.log
[DEBUG] /Users/sofie/Library/Application Support/Titanium/mobilesdk/osx/2.0.1.GA2/android/builder.py install Depot /Users/sofie/Applications/android-sdk /Users/sofie/Documents/Titanium Studio Workspace/Depot com.Depot 8
[INFO] Titanium SDK version: 2.0.1 (04/12/12 16:33 999c68a)
[DEBUG] Waiting for device to be ready ...
[TRACE] adb devices returned 1 devices/emulators
[DEBUG] Device connected... (waited 0 seconds)
[DEBUG] waited 0.013761 seconds on emulator to get ready
[DEBUG] com.Depot installed? False
[INFO] Copying CommonJS modules...
[INFO] Copying project resources..
[TRACE] COPYING MODIFIED FILE: /Users/sofie/Documents/Titanium Studio Workspace/Depot/Resources/windows/concert_detail.js => /Users/sofie/Documents/Titanium Studio Workspace/Depot/build/android/bin/assets/Resources/windows/concert_detail.js
[TRACE] Generating Java Classes
[DEBUG] Processing Android resource drawables
[DEBUG] copying app icon: /Users/sofie/Documents/Titanium Studio Workspace/Depot/build/android/bin/assets/Resources/appicon.png
[DEBUG] generating theme.xml
[DEBUG] found drawable-long-port-hdpi splash screen at /Users/sofie/Documents/Titanium Studio Workspace/Depot/Resources/android/images/res-long-port-hdpi/default.png
[DEBUG] copying /Users/sofie/Documents/Titanium Studio Workspace/Depot/Resources/android/images/res-long-port-hdpi/default.png splash screen to /Users/sofie/Documents/Titanium Studio Workspace/Depot/build/android/res/drawable-long-port-hdpi/background.png
[DEBUG] found drawable-long-port-ldpi splash screen at /Users/sofie/Documents/Titanium Studio Workspace/Depot/Resources/android/images/res-long-port-ldpi/default.png
[DEBUG] copying /Users/sofie/Documents/Titanium Studio Workspace/Depot/Resources/android/images/res-long-port-ldpi/default.png splash screen to /Users/sofie/Documents/Titanium Studio Workspace/Depot/build/android/res/drawable-long-port-ldpi/background.png
[DEBUG] found drawable-notlong-port-hdpi splash screen at /Users/sofie/Documents/Titanium Studio Workspace/Depot/Resources/android/images/res-notlong-port-hdpi/default.png
[DEBUG] copying /Users/sofie/Documents/Titanium Studio Workspace/Depot/Resources/android/images/res-notlong-port-hdpi/default.png splash screen to /Users/sofie/Documents/Titanium Studio Workspace/Depot/build/android/res/drawable-notlong-port-hdpi/background.png
[DEBUG] found drawable-notlong-port-ldpi splash screen at /Users/sofie/Documents/Titanium Studio Workspace/Depot/Resources/android/images/res-notlong-port-ldpi/default.png
[DEBUG] copying /Users/sofie/Documents/Titanium Studio Workspace/Depot/Resources/android/images/res-notlong-port-ldpi/default.png splash screen to /Users/sofie/Documents/Titanium Studio Workspace/Depot/build/android/res/drawable-notlong-port-ldpi/background.png
[DEBUG] found drawable-notlong-port-mdpi splash screen at /Users/sofie/Documents/Titanium Studio Workspace/Depot/Resources/android/images/res-notlong-port-mdpi/default.png
[DEBUG] copying /Users/sofie/Documents/Titanium Studio Workspace/Depot/Resources/android/images/res-notlong-port-mdpi/default.png splash screen to /Users/sofie/Documents/Titanium Studio Workspace/Depot/build/android/res/drawable-notlong-port-mdpi/background.png
[DEBUG] found splash screen at /Users/sofie/Documents/Titanium Studio Workspace/Depot/build/android/bin/assets/Resources/default.png
[TRACE] Writing out AndroidManifest.xml
[DEBUG] adding /Users/sofie/Documents/Titanium Studio Workspace/Depot/build/android/gen/com/Depot/DepotActivity.java to javac build list
[DEBUG] adding /Users/sofie/Documents/Titanium Studio Workspace/Depot/build/android/gen/com/Depot/DepotAppInfo.java to javac build list
[DEBUG] adding /Users/sofie/Documents/Titanium Studio Workspace/Depot/build/android/gen/com/Depot/DepotApplication.java to javac build list
[DEBUG] adding /Users/sofie/Documents/Titanium Studio Workspace/Depot/build/android/gen/com/Depot/R.java to javac build list
[DEBUG] Building Java Sources: "/Users/sofie/Documents/Titanium Studio Workspace/Depot/build/android/gen/com/Depot/DepotActivity.java" "/Users/sofie/Documents/Titanium Studio Workspace/Depot/build/android/gen/com/Depot/DepotAppInfo.java" "/Users/sofie/Documents/Titanium Studio Workspace/Depot/build/android/gen/com/Depot/DepotApplication.java" "/Users/sofie/Documents/Titanium Studio Workspace/Depot/build/android/gen/com/Depot/R.java"
[INFO] Compiling Android Resources... This could take some time
[DEBUG] Android classes.dex built
[DEBUG] creating unsigned apk: /Users/sofie/Documents/Titanium Studio Workspace/Depot/build/android/bin/app-unsigned.apk
[DEBUG] from resource zip => assets/Resources/config/activityIndicator.js
[DEBUG] from resource zip => assets/Resources/config/config.js
[DEBUG] from resource zip => assets/Resources/config/customTabBar.js
[DEBUG] from resource zip => assets/Resources/config/customTabBarAndroid.js
[DEBUG] from resource zip => assets/Resources/config/strip_tags.js
[DEBUG] from resource zip => assets/Resources/fonts/Impact.ttf
[DEBUG] from resource zip => assets/Resources/fonts/itc-lubalin-graph-lt-demi.ttf
[DEBUG] from resource zip => assets/Resources/img/customTabBar/btn_concerten.png
[DEBUG] from resource zip => assets/Resources/img/customTabBar/btn_concerten@2x.png
[DEBUG] from resource zip => assets/Resources/img/customTabBar/btn_concerten_selected.png
[DEBUG] from resource zip => assets/Resources/img/customTabBar/btn_concerten_selected@2x.png
[DEBUG] from resource zip => assets/Resources/img/customTabBar/btn_nieuws.png
[DEBUG] from resource zip => assets/Resources/img/customTabBar/btn_nieuws@2x.png
[DEBUG] from resource zip => assets/Resources/img/customTabBar/btn_nieuws_selected.png
[DEBUG] from resource zip => assets/Resources/img/customTabBar/btn_nieuws_selected@2x.png
[DEBUG] from resource zip => assets/Resources/img/customTabBar/clear.png
[DEBUG] from resource zip => assets/Resources/img/arrow.png
[DEBUG] from resource zip => assets/Resources/img/arrow@2x.png
[DEBUG] from resource zip => assets/Resources/img/bg.png
[DEBUG] from resource zip => assets/Resources/img/bg_search.png
[DEBUG] from resource zip => assets/Resources/img/bg_search@2x.png
[DEBUG] from resource zip => assets/Resources/img/bg_tickets.png
[DEBUG] from resource zip => assets/Resources/img/bg_tickets@2x.png
[DEBUG] from resource zip => assets/Resources/img/btn_back.png
[DEBUG] from resource zip => assets/Resources/img/btn_back@2x.png
[DEBUG] from resource zip => assets/Resources/img/btn_down.png
[DEBUG] from resource zip => assets/Resources/img/btn_down@2x.png
[DEBUG] from resource zip => assets/Resources/img/btn_refresh.png
[DEBUG] from resource zip => assets/Resources/img/btn_refresh@2x.png
[DEBUG] from resource zip => assets/Resources/img/btn_search.png
[DEBUG] from resource zip => assets/Resources/img/btn_search@2x.png
[DEBUG] from resource zip => assets/Resources/img/default_detail_img.png
[DEBUG] from resource zip => assets/Resources/img/default_img.png
[DEBUG] from resource zip => assets/Resources/img/header.png
[DEBUG] from resource zip => assets/Resources/img/header@2x.png
[DEBUG] from resource zip => assets/Resources/img/header_detail.png
[DEBUG] from resource zip => assets/Resources/img/header_detail@2x.png
[DEBUG] from resource zip => assets/Resources/img/header_nieuws.png
[DEBUG] from resource zip => assets/Resources/img/header_nieuws@2x.png
[DEBUG] from resource zip => assets/Resources/img/header_tickets.png
[DEBUG] from resource zip => assets/Resources/img/header_tickets@2x.png
[DEBUG] from resource zip => assets/Resources/img/header_zoeken.png
[DEBUG] from resource zip => assets/Resources/img/header_zoeken@2x.png
[DEBUG] from resource zip => assets/Resources/img/no_img.png
[DEBUG] from resource zip => assets/Resources/img/no_thumb.jpg
[DEBUG] from resource zip => assets/Resources/img/star.png
[DEBUG] from resource zip => assets/Resources/img/star@2x.png
[DEBUG] from resource zip => assets/Resources/img/test.jpeg
[DEBUG] from resource zip => assets/Resources/img/toolbar.png
[DEBUG] from resource zip => assets/Resources/styles/styles.js
[DEBUG] from resource zip => assets/Resources/windows/concert_detail.js
[DEBUG] from resource zip => assets/Resources/windows/concerten.js
[DEBUG] from resource zip => assets/Resources/windows/main.js
[DEBUG] from resource zip => assets/Resources/windows/nieuws.js
[DEBUG] from resource zip => assets/Resources/windows/nieuws_detail.js
[DEBUG] from resource zip => assets/Resources/windows/tickets.js
[DEBUG] from resource zip => assets/Resources/windows/zoeken.js
[DEBUG] from resource zip => assets/Resources/app.js
[DEBUG] from resource zip => assets/Resources/appicon.png
[DEBUG] from resource zip => assets/Resources/default.png
[DEBUG] from resource zip => assets/Resources/ti.cloud.js
[DEBUG] from resource zip => assets/app.json
[DEBUG] from resource zip => assets/index.json
[DEBUG] from resource zip => assets/tiapp.xml
[DEBUG] from resource zip => res/drawable/appicon.png
[DEBUG] from resource zip => res/drawable/background.png
[DEBUG] from resource zip => res/layout/titanium_tabgroup.xml
[DEBUG] from resource zip => AndroidManifest.xml
[DEBUG] from resource zip => resources.arsc
[DEBUG] from resource zip => res/drawable-long-port-hdpi/background.png
[DEBUG] from resource zip => res/drawable-long-port-ldpi/background.png
[DEBUG] from resource zip => res/drawable-notlong-port-hdpi/background.png
[DEBUG] from resource zip => res/drawable-notlong-port-ldpi/background.png
[DEBUG] from resource zip => res/drawable-notlong-port-mdpi/background.png
[DEBUG] from JAR /Users/sofie/Library/Application Support/Titanium/mobilesdk/osx/2.0.1.GA2/android/modules/titanium-ui.jar => ti/modules/titanium/ui/widget/webview/binding.js
[DEBUG] from JAR /Users/sofie/Library/Application Support/Titanium/mobilesdk/osx/2.0.1.GA2/android/modules/titanium-ui.jar => ti/modules/titanium/ui/widget/webview/binding.min.js
[DEBUG] from JAR /Users/sofie/Library/Application Support/Titanium/mobilesdk/osx/2.0.1.GA2/android/modules/titanium-ui.jar => ti/modules/titanium/ui/widget/webview/json2.js
[DEBUG] from JAR /Users/sofie/Library/Application Support/Titanium/mobilesdk/osx/2.0.1.GA2/android/titanium.jar => org/appcelerator/titanium/build.properties
[DEBUG] from JAR /Users/sofie/Library/Application Support/Titanium/mobilesdk/osx/2.0.1.GA2/android/titanium.jar => org/appcelerator/titanium/res/drawable/background.png
[DEBUG] from JAR /Users/sofie/Library/Application Support/Titanium/mobilesdk/osx/2.0.1.GA2/android/titanium.jar => org/appcelerator/titanium/res/drawable/btn_check_buttonless_on.png
[DEBUG] from JAR /Users/sofie/Library/Application Support/Titanium/mobilesdk/osx/2.0.1.GA2/android/titanium.jar => org/appcelerator/titanium/res/drawable/btn_check_buttonless_on_18.png
[DEBUG] from JAR /Users/sofie/Library/Application Support/Titanium/mobilesdk/osx/2.0.1.GA2/android/titanium.jar => org/appcelerator/titanium/res/drawable/btn_check_buttonless_on_48.png
[DEBUG] from JAR /Users/sofie/Library/Application Support/Titanium/mobilesdk/osx/2.0.1.GA2/android/titanium.jar => org/appcelerator/titanium/res/drawable/btn_more.png
[DEBUG] from JAR /Users/sofie/Library/Application Support/Titanium/mobilesdk/osx/2.0.1.GA2/android/titanium.jar => org/appcelerator/titanium/res/drawable/btn_more_18.png
[DEBUG] from JAR /Users/sofie/Library/Application Support/Titanium/mobilesdk/osx/2.0.1.GA2/android/titanium.jar => org/appcelerator/titanium/res/drawable/btn_more_48.png
[DEBUG] from JAR /Users/sofie/Library/Application Support/Titanium/mobilesdk/osx/2.0.1.GA2/android/titanium.jar => org/appcelerator/titanium/res/drawable/btn_picker_normal.9.png
[DEBUG] from JAR /Users/sofie/Library/Application Support/Titanium/mobilesdk/osx/2.0.1.GA2/android/titanium.jar => org/appcelerator/titanium/res/drawable/btn_picker_pressed.9.png
[DEBUG] from JAR /Users/sofie/Library/Application Support/Titanium/mobilesdk/osx/2.0.1.GA2/android/titanium.jar => org/appcelerator/titanium/res/drawable/btn_picker_selected.9.png
[DEBUG] from JAR /Users/sofie/Library/Application Support/Titanium/mobilesdk/osx/2.0.1.GA2/android/titanium.jar => org/appcelerator/titanium/res/drawable/default_icon.png
[DEBUG] from JAR /Users/sofie/Library/Application Support/Titanium/mobilesdk/osx/2.0.1.GA2/android/titanium.jar => org/appcelerator/titanium/res/drawable/photoDefault.png
[DEBUG] from JAR /Users/sofie/Library/Application Support/Titanium/mobilesdk/osx/2.0.1.GA2/android/thirdparty.jar => org/apache/Commons-NOTICE.txt
[DEBUG] from JAR /Users/sofie/Library/Application Support/Titanium/mobilesdk/osx/2.0.1.GA2/android/thirdparty.jar => org/apache/HttpComponents-NOTICE.txt
[DEBUG] from JAR /Users/sofie/Library/Application Support/Titanium/mobilesdk/osx/2.0.1.GA2/android/thirdparty.jar => org/apache/mime4j-NOTICE.txt
[DEBUG] installing native SDK libs
[DEBUG] Waiting for device to be ready ...
[TRACE] adb devices returned 1 devices/emulators
[DEBUG] Device connected... (waited 0 seconds)
[DEBUG] waited 0.013867 seconds on emulator to get ready
[INFO] Installing application on device
[INFO] Application installed. Launch from drawer on Home Screen
